mode: set
github.com\robsix\json\json.go:21.27,23.2 1 1
github.com\robsix\json\json.go:27.41,29.2 1 1
github.com\robsix\json\json.go:33.44,35.2 1 1
github.com\robsix\json\json.go:39.41,41.2 1 1
github.com\robsix\json\json.go:45.43,47.16 2 1
github.com\robsix\json\json.go:50.2,50.24 1 1
github.com\robsix\json\json.go:47.16,49.3 1 1
github.com\robsix\json\json.go:54.45,55.14 1 1
github.com\robsix\json\json.go:58.2,59.9 2 1
github.com\robsix\json\json.go:62.2,62.27 1 1
github.com\robsix\json\json.go:55.14,57.3 1 1
github.com\robsix\json\json.go:59.9,61.3 1 1
github.com\robsix\json\json.go:66.54,67.15 1 1
github.com\robsix\json\json.go:70.2,75.15 6 1
github.com\robsix\json\json.go:67.15,69.3 1 1
github.com\robsix\json\json.go:79.42,81.2 1 1
github.com\robsix\json\json.go:84.43,87.2 2 1
github.com\robsix\json\json.go:90.48,92.2 1 1
github.com\robsix\json\json.go:95.49,98.2 2 1
github.com\robsix\json\json.go:101.60,104.2 2 1
github.com\robsix\json\json.go:107.46,111.2 3 1
github.com\robsix\json\json.go:114.46,116.2 1 1
github.com\robsix\json\json.go:119.48,123.2 3 1
github.com\robsix\json\json.go:131.65,133.25 2 1
github.com\robsix\json\json.go:158.2,158.17 1 1
github.com\robsix\json\json.go:133.25,134.32 1 1
github.com\robsix\json\json.go:134.32,135.39 1 1
github.com\robsix\json\json.go:135.39,136.30 1 1
github.com\robsix\json\json.go:136.30,138.6 1 1
github.com\robsix\json\json.go:138.6,140.6 1 1
github.com\robsix\json\json.go:141.5,143.5 1 1
github.com\robsix\json\json.go:144.4,144.38 1 1
github.com\robsix\json\json.go:144.38,145.41 1 1
github.com\robsix\json\json.go:145.41,146.37 1 1
github.com\robsix\json\json.go:146.37,148.6 1 1
github.com\robsix\json\json.go:148.6,150.6 1 1
github.com\robsix\json\json.go:151.5,153.5 1 1
github.com\robsix\json\json.go:154.4,156.4 1 1
github.com\robsix\json\json.go:166.73,167.20 1 1
github.com\robsix\json\json.go:172.2,174.33 2 1
github.com\robsix\json\json.go:205.2,205.12 1 1
github.com\robsix\json\json.go:167.20,170.3 2 1
github.com\robsix\json\json.go:174.33,175.38 1 1
github.com\robsix\json\json.go:175.38,176.39 1 1
github.com\robsix\json\json.go:176.39,177.25 1 1
github.com\robsix\json\json.go:177.25,179.6 1 1
github.com\robsix\json\json.go:179.6,182.23 3 1
github.com\robsix\json\json.go:185.6,185.25 1 1
github.com\robsix\json\json.go:182.23,184.7 1 1
github.com\robsix\json\json.go:187.5,189.5 1 1
github.com\robsix\json\json.go:190.4,190.44 1 1
github.com\robsix\json\json.go:190.44,191.73 1 1
github.com\robsix\json\json.go:191.73,192.25 1 1
github.com\robsix\json\json.go:192.25,194.6 1 1
github.com\robsix\json\json.go:194.6,196.6 1 1
github.com\robsix\json\json.go:197.5,199.5 1 1
github.com\robsix\json\json.go:200.4,202.4 1 1
github.com\robsix\json\json.go:209.56,210.20 1 1
github.com\robsix\json\json.go:215.2,217.16 3 1
github.com\robsix\json\json.go:222.2,222.37 1 1
github.com\robsix\json\json.go:249.2,249.12 1 1
github.com\robsix\json\json.go:210.20,213.3 2 1
github.com\robsix\json\json.go:217.16,220.3 2 1
github.com\robsix\json\json.go:222.37,223.38 1 1
github.com\robsix\json\json.go:223.38,225.4 1 1
github.com\robsix\json\json.go:225.4,227.4 1 1
github.com\robsix\json\json.go:228.3,228.43 1 1
github.com\robsix\json\json.go:228.43,229.40 1 1
github.com\robsix\json\json.go:229.40,231.4 1 1
github.com\robsix\json\json.go:231.4,231.42 1 1
github.com\robsix\json\json.go:231.42,233.4 1 1
github.com\robsix\json\json.go:233.4,235.14 2 1
github.com\robsix\json\json.go:235.14,237.5 1 1
github.com\robsix\json\json.go:237.5,239.42 2 1
github.com\robsix\json\json.go:239.42,241.6 1 1
github.com\robsix\json\json.go:241.6,241.48 1 1
github.com\robsix\json\json.go:241.48,243.6 1 1
github.com\robsix\json\json.go:246.3,248.3 1 1
github.com\robsix\json\json.go:253.77,256.2 2 1
github.com\robsix\json\json.go:259.73,261.16 2 1
github.com\robsix\json\json.go:264.2,264.52 1 1
github.com\robsix\json\json.go:267.2,267.75 1 1
github.com\robsix\json\json.go:261.16,263.3 1 1
github.com\robsix\json\json.go:264.52,266.3 1 1
github.com\robsix\json\json.go:276.96,277.42 1 1
github.com\robsix\json\json.go:280.2,280.12 1 1
github.com\robsix\json\json.go:277.42,279.3 1 1
github.com\robsix\json\json.go:284.66,286.16 2 1
github.com\robsix\json\json.go:289.2,289.43 1 1
github.com\robsix\json\json.go:292.2,292.66 1 1
github.com\robsix\json\json.go:286.16,288.3 1 1
github.com\robsix\json\json.go:289.43,291.3 1 1
github.com\robsix\json\json.go:301.80,302.44 1 1
github.com\robsix\json\json.go:305.2,305.12 1 1
github.com\robsix\json\json.go:302.44,304.3 1 1
github.com\robsix\json\json.go:309.56,311.16 2 1
github.com\robsix\json\json.go:314.2,314.34 1 1
github.com\robsix\json\json.go:317.2,317.59 1 1
github.com\robsix\json\json.go:311.16,313.3 1 1
github.com\robsix\json\json.go:314.34,316.3 1 1
github.com\robsix\json\json.go:324.61,325.43 1 1
github.com\robsix\json\json.go:328.2,328.12 1 1
github.com\robsix\json\json.go:325.43,327.3 1 1
github.com\robsix\json\json.go:332.60,334.16 2 1
github.com\robsix\json\json.go:337.2,337.36 1 1
github.com\robsix\json\json.go:340.2,340.58 1 1
github.com\robsix\json\json.go:334.16,336.3 1 1
github.com\robsix\json\json.go:337.36,339.3 1 1
github.com\robsix\json\json.go:347.67,348.45 1 1
github.com\robsix\json\json.go:351.2,351.12 1 1
github.com\robsix\json\json.go:348.45,350.3 1 1
github.com\robsix\json\json.go:355.67,357.16 2 1
github.com\robsix\json\json.go:360.2,361.24 2 1
github.com\robsix\json\json.go:368.2,368.20 1 1
github.com\robsix\json\json.go:357.16,359.3 1 1
github.com\robsix\json\json.go:361.24,362.43 1 1
github.com\robsix\json\json.go:362.43,364.4 1 1
github.com\robsix\json\json.go:364.4,366.4 1 1
github.com\robsix\json\json.go:377.76,378.50 1 1
github.com\robsix\json\json.go:381.2,381.12 1 1
github.com\robsix\json\json.go:378.50,380.3 1 1
github.com\robsix\json\json.go:385.61,388.16 3 1
github.com\robsix\json\json.go:391.2,391.39 1 1
github.com\robsix\json\json.go:398.2,398.74 1 1
github.com\robsix\json\json.go:388.16,390.3 1 1
github.com\robsix\json\json.go:391.39,393.3 1 1
github.com\robsix\json\json.go:393.3,393.46 1 1
github.com\robsix\json\json.go:393.46,394.43 1 1
github.com\robsix\json\json.go:394.43,396.4 1 1
github.com\robsix\json\json.go:405.71,406.43 1 1
github.com\robsix\json\json.go:409.2,409.12 1 1
github.com\robsix\json\json.go:406.43,408.3 1 1
github.com\robsix\json\json.go:413.68,415.16 2 1
github.com\robsix\json\json.go:418.2,419.24 2 1
github.com\robsix\json\json.go:426.2,426.20 1 1
github.com\robsix\json\json.go:415.16,417.3 1 1
github.com\robsix\json\json.go:419.24,420.46 1 1
github.com\robsix\json\json.go:420.46,422.4 1 1
github.com\robsix\json\json.go:422.4,424.4 1 1
github.com\robsix\json\json.go:435.80,436.48 1 1
github.com\robsix\json\json.go:439.2,439.12 1 1
github.com\robsix\json\json.go:436.48,438.3 1 1
github.com\robsix\json\json.go:443.54,446.2 2 1
github.com\robsix\json\json.go:452.58,453.42 1 1
github.com\robsix\json\json.go:456.2,456.12 1 1
github.com\robsix\json\json.go:453.42,455.3 1 1
github.com\robsix\json\json.go:460.61,462.16 2 1
github.com\robsix\json\json.go:465.2,466.24 2 1
github.com\robsix\json\json.go:474.2,474.20 1 1
github.com\robsix\json\json.go:462.16,464.3 1 1
github.com\robsix\json\json.go:466.24,468.38 2 1
github.com\robsix\json\json.go:468.38,470.4 1 1
github.com\robsix\json\json.go:470.4,472.4 1 1
github.com\robsix\json\json.go:483.67,484.47 1 1
github.com\robsix\json\json.go:487.2,487.12 1 1
github.com\robsix\json\json.go:484.47,486.3 1 1
github.com\robsix\json\json.go:491.62,493.16 2 1
github.com\robsix\json\json.go:496.2,496.25 1 1
github.com\robsix\json\json.go:506.2,506.44 1 1
github.com\robsix\json\json.go:493.16,495.3 1 1
github.com\robsix\json\json.go:497.2,498.42 1 1
github.com\robsix\json\json.go:499.2,500.48 1 1
github.com\robsix\json\json.go:501.2,502.55 1 1
github.com\robsix\json\json.go:503.2,504.56 1 1
github.com\robsix\json\json.go:513.70,514.46 1 1
github.com\robsix\json\json.go:517.2,517.12 1 1
github.com\robsix\json\json.go:514.46,516.3 1 1
github.com\robsix\json\json.go:521.69,523.16 2 1
github.com\robsix\json\json.go:526.2,527.24 2 1
github.com\robsix\json\json.go:535.2,535.20 1 1
github.com\robsix\json\json.go:523.16,525.3 1 1
github.com\robsix\json\json.go:527.24,529.42 2 1
github.com\robsix\json\json.go:529.42,531.4 1 1
github.com\robsix\json\json.go:531.4,533.4 1 1
github.com\robsix\json\json.go:544.79,545.51 1 1
github.com\robsix\json\json.go:548.2,548.12 1 1
github.com\robsix\json\json.go:545.51,547.3 1 1
github.com\robsix\json\json.go:552.58,554.16 2 1
github.com\robsix\json\json.go:557.2,557.25 1 1
github.com\robsix\json\json.go:567.2,567.44 1 1
github.com\robsix\json\json.go:554.16,556.3 1 1
github.com\robsix\json\json.go:558.2,559.40 1 1
github.com\robsix\json\json.go:560.2,561.55 1 1
github.com\robsix\json\json.go:562.2,563.46 1 1
github.com\robsix\json\json.go:564.2,565.54 1 1
github.com\robsix\json\json.go:574.64,575.44 1 1
github.com\robsix\json\json.go:578.2,578.12 1 1
github.com\robsix\json\json.go:575.44,577.3 1 1
github.com\robsix\json\json.go:582.65,584.16 2 1
github.com\robsix\json\json.go:587.2,588.24 2 1
github.com\robsix\json\json.go:596.2,596.20 1 1
github.com\robsix\json\json.go:584.16,586.3 1 1
github.com\robsix\json\json.go:588.24,590.40 2 1
github.com\robsix\json\json.go:590.40,592.4 1 1
github.com\robsix\json\json.go:592.4,594.4 1 1
github.com\robsix\json\json.go:605.74,606.49 1 1
github.com\robsix\json\json.go:609.2,609.12 1 1
github.com\robsix\json\json.go:606.49,608.3 1 1
github.com\robsix\json\json.go:613.60,615.16 2 1
github.com\robsix\json\json.go:618.2,618.25 1 1
github.com\robsix\json\json.go:628.2,628.44 1 1
github.com\robsix\json\json.go:615.16,617.3 1 1
github.com\robsix\json\json.go:619.2,620.68 1 1
github.com\robsix\json\json.go:621.2,622.56 1 1
github.com\robsix\json\json.go:623.2,624.54 1 1
github.com\robsix\json\json.go:625.2,626.47 1 1
github.com\robsix\json\json.go:635.67,636.45 1 1
github.com\robsix\json\json.go:639.2,639.12 1 1
github.com\robsix\json\json.go:636.45,638.3 1 1
github.com\robsix\json\json.go:643.67,645.16 2 1
github.com\robsix\json\json.go:648.2,649.24 2 1
github.com\robsix\json\json.go:657.2,657.20 1 1
github.com\robsix\json\json.go:645.16,647.3 1 1
github.com\robsix\json\json.go:649.24,651.41 2 1
github.com\robsix\json\json.go:651.41,653.4 1 1
github.com\robsix\json\json.go:653.4,655.4 1 1
github.com\robsix\json\json.go:666.76,667.50 1 1
github.com\robsix\json\json.go:670.2,670.12 1 1
github.com\robsix\json\json.go:667.50,669.3 1 1
github.com\robsix\json\json.go:678.40,680.2 1 1
